<?xml version="1.0" encoding="UTF-8"?>
<!-- Generated by org.testng.reporters.JUnitReportReporter -->
<testsuite hostname="Indu" failures="0" tests="5" name="com.automation.runners.SalesForceRunner" time="38.011" errors="0" timestamp="2023-11-04T21:36:59 CDT" skipped="0">
  <testcase classname="com.automation.runners.SalesForceRunner" name="runScenario" time="11.007"/>
  <testcase classname="com.automation.runners.SalesForceRunner" name="runScenario" time="4.302"/>
  <testcase classname="com.automation.runners.SalesForceRunner" name="runScenario" time="13.420"/>
  <testcase classname="com.automation.runners.SalesForceRunner" name="runScenario" time="4.406"/>
  <testcase classname="com.automation.runners.SalesForceRunner" name="runScenario" time="4.876"/>
</testsuite> <!-- com.automation.runners.SalesForceRunner -->
